11:31:10 **** Build of configuration Default for project stm32-nucleo-f103rb_base ****
make all 
make: ***  Aucune règle pour fabriquer la cible « MadgwickAHRS.c », nécessaire pour « template.elf ». Arrêt.
11:32:23 **** Incremental Build of configuration Default for project stm32-nucleo-f103rb_base ****
make all 
arm-none-eabi-gcc -c -o stm32f1xx_hal.o -IInc/ -IDrivers/STM32F1xx_HAL_Driver/Inc/ -ISrc/vl6180x/ -IDrivers/BSP/STM32F1xx_Nucleo/ -IDrivers/CMSIS/Device/ST/STM32F1xx/Include/ -IDrivers/CMSIS/Include/ -DSTM32F103xBt -ggdb -O0 -mlittle-endian --specs=rdimon.specs -mthumb -mcpu=cortex-m3 -mthumb-interwork -Wl,--gc-sections -lgcc -lc -lm -lrdimon Drivers/STM32F1xx_HAL_Driver/Src/stm32f1xx_hal.c
arm-none-eabi-gcc -c -o stm32f1xx_hal_rcc.o -IInc/ -IDrivers/STM32F1xx_HAL_Driver/Inc/ -ISrc/vl6180x/ -IDrivers/BSP/STM32F1xx_Nucleo/ -IDrivers/CMSIS/Device/ST/STM32F1xx/Include/ -IDrivers/CMSIS/Include/ -DSTM32F103xBt -ggdb -O0 -mlittle-endian --specs=rdimon.specs -mthumb -mcpu=cortex-m3 -mthumb-interwork -Wl,--gc-sections -lgcc -lc -lm -lrdimon Drivers/STM32F1xx_HAL_Driver/Src/stm32f1xx_hal_rcc.c
arm-none-eabi-gcc -c -o stm32f1xx_hal_rcc_ex.o -IInc/ -IDrivers/STM32F1xx_HAL_Driver/Inc/ -ISrc/vl6180x/ -IDrivers/BSP/STM32F1xx_Nucleo/ -IDrivers/CMSIS/Device/ST/STM32F1xx/Include/ -IDrivers/CMSIS/Include/ -DSTM32F103xBt -ggdb -O0 -mlittle-endian --specs=rdimon.specs -mthumb -mcpu=cortex-m3 -mthumb-interwork -Wl,--gc-sections -lgcc -lc -lm -lrdimon Drivers/STM32F1xx_HAL_Driver/Src/stm32f1xx_hal_rcc_ex.c
arm-none-eabi-gcc -c -o stm32f1xx_hal_rtc.o -IInc/ -IDrivers/STM32F1xx_HAL_Driver/Inc/ -ISrc/vl6180x/ -IDrivers/BSP/STM32F1xx_Nucleo/ -IDrivers/CMSIS/Device/ST/STM32F1xx/Include/ -IDrivers/CMSIS/Include/ -DSTM32F103xBt -ggdb -O0 -mlittle-endian --specs=rdimon.specs -mthumb -mcpu=cortex-m3 -mthumb-interwork -Wl,--gc-sections -lgcc -lc -lm -lrdimon Drivers/STM32F1xx_HAL_Driver/Src/stm32f1xx_hal_rtc.c
arm-none-eabi-gcc -c -o stm32f1xx_hal_gpio.o -IInc/ -IDrivers/STM32F1xx_HAL_Driver/Inc/ -ISrc/vl6180x/ -IDrivers/BSP/STM32F1xx_Nucleo/ -IDrivers/CMSIS/Device/ST/STM32F1xx/Include/ -IDrivers/CMSIS/Include/ -DSTM32F103xBt -ggdb -O0 -mlittle-endian --specs=rdimon.specs -mthumb -mcpu=cortex-m3 -mthumb-interwork -Wl,--gc-sections -lgcc -lc -lm -lrdimon Drivers/STM32F1xx_HAL_Driver/Src/stm32f1xx_hal_gpio.c
arm-none-eabi-gcc -c -o stm32f1xx_hal_cortex.o -IInc/ -IDrivers/STM32F1xx_HAL_Driver/Inc/ -ISrc/vl6180x/ -IDrivers/BSP/STM32F1xx_Nucleo/ -IDrivers/CMSIS/Device/ST/STM32F1xx/Include/ -IDrivers/CMSIS/Include/ -DSTM32F103xBt -ggdb -O0 -mlittle-endian --specs=rdimon.specs -mthumb -mcpu=cortex-m3 -mthumb-interwork -Wl,--gc-sections -lgcc -lc -lm -lrdimon Drivers/STM32F1xx_HAL_Driver/Src/stm32f1xx_hal_cortex.c
arm-none-eabi-gcc -c -o stm32f1xx_hal_pcd.o -IInc/ -IDrivers/STM32F1xx_HAL_Driver/Inc/ -ISrc/vl6180x/ -IDrivers/BSP/STM32F1xx_Nucleo/ -IDrivers/CMSIS/Device/ST/STM32F1xx/Include/ -IDrivers/CMSIS/Include/ -DSTM32F103xBt -ggdb -O0 -mlittle-endian --specs=rdimon.specs -mthumb -mcpu=cortex-m3 -mthumb-interwork -Wl,--gc-sections -lgcc -lc -lm -lrdimon Drivers/STM32F1xx_HAL_Driver/Src/stm32f1xx_hal_pcd.c
arm-none-eabi-gcc -c -o stm32f1xx_hal_pcd_ex.o -IInc/ -IDrivers/STM32F1xx_HAL_Driver/Inc/ -ISrc/vl6180x/ -IDrivers/BSP/STM32F1xx_Nucleo/ -IDrivers/CMSIS/Device/ST/STM32F1xx/Include/ -IDrivers/CMSIS/Include/ -DSTM32F103xBt -ggdb -O0 -mlittle-endian --specs=rdimon.specs -mthumb -mcpu=cortex-m3 -mthumb-interwork -Wl,--gc-sections -lgcc -lc -lm -lrdimon Drivers/STM32F1xx_HAL_Driver/Src/stm32f1xx_hal_pcd_ex.c
arm-none-eabi-gcc -c -o stm32f1xx_hal_uart.o -IInc/ -IDrivers/STM32F1xx_HAL_Driver/Inc/ -ISrc/vl6180x/ -IDrivers/BSP/STM32F1xx_Nucleo/ -IDrivers/CMSIS/Device/ST/STM32F1xx/Include/ -IDrivers/CMSIS/Include/ -DSTM32F103xBt -ggdb -O0 -mlittle-endian --specs=rdimon.specs -mthumb -mcpu=cortex-m3 -mthumb-interwork -Wl,--gc-sections -lgcc -lc -lm -lrdimon Drivers/STM32F1xx_HAL_Driver/Src/stm32f1xx_hal_uart.c
arm-none-eabi-gcc -c -o stm32f1xx_hal_usart.o -IInc/ -IDrivers/STM32F1xx_HAL_Driver/Inc/ -ISrc/vl6180x/ -IDrivers/BSP/STM32F1xx_Nucleo/ -IDrivers/CMSIS/Device/ST/STM32F1xx/Include/ -IDrivers/CMSIS/Include/ -DSTM32F103xBt -ggdb -O0 -mlittle-endian --specs=rdimon.specs -mthumb -mcpu=cortex-m3 -mthumb-interwork -Wl,--gc-sections -lgcc -lc -lm -lrdimon Drivers/STM32F1xx_HAL_Driver/Src/stm32f1xx_hal_usart.c
arm-none-eabi-gcc -c -o stm32f1xx_hal_dma.o -IInc/ -IDrivers/STM32F1xx_HAL_Driver/Inc/ -ISrc/vl6180x/ -IDrivers/BSP/STM32F1xx_Nucleo/ -IDrivers/CMSIS/Device/ST/STM32F1xx/Include/ -IDrivers/CMSIS/Include/ -DSTM32F103xBt -ggdb -O0 -mlittle-endian --specs=rdimon.specs -mthumb -mcpu=cortex-m3 -mthumb-interwork -Wl,--gc-sections -lgcc -lc -lm -lrdimon Drivers/STM32F1xx_HAL_Driver/Src/stm32f1xx_hal_dma.c
arm-none-eabi-gcc -c -o stm32f1xx_hal_adc.o -IInc/ -IDrivers/STM32F1xx_HAL_Driver/Inc/ -ISrc/vl6180x/ -IDrivers/BSP/STM32F1xx_Nucleo/ -IDrivers/CMSIS/Device/ST/STM32F1xx/Include/ -IDrivers/CMSIS/Include/ -DSTM32F103xBt -ggdb -O0 -mlittle-endian --specs=rdimon.specs -mthumb -mcpu=cortex-m3 -mthumb-interwork -Wl,--gc-sections -lgcc -lc -lm -lrdimon Drivers/STM32F1xx_HAL_Driver/Src/stm32f1xx_hal_adc.c
arm-none-eabi-gcc -c -o stm32f1xx_hal_adc_ex.o -IInc/ -IDrivers/STM32F1xx_HAL_Driver/Inc/ -ISrc/vl6180x/ -IDrivers/BSP/STM32F1xx_Nucleo/ -IDrivers/CMSIS/Device/ST/STM32F1xx/Include/ -IDrivers/CMSIS/Include/ -DSTM32F103xBt -ggdb -O0 -mlittle-endian --specs=rdimon.specs -mthumb -mcpu=cortex-m3 -mthumb-interwork -Wl,--gc-sections -lgcc -lc -lm -lrdimon Drivers/STM32F1xx_HAL_Driver/Src/stm32f1xx_hal_adc_ex.c
arm-none-eabi-gcc -c -o stm32f1xx_hal_spi.o -IInc/ -IDrivers/STM32F1xx_HAL_Driver/Inc/ -ISrc/vl6180x/ -IDrivers/BSP/STM32F1xx_Nucleo/ -IDrivers/CMSIS/Device/ST/STM32F1xx/Include/ -IDrivers/CMSIS/Include/ -DSTM32F103xBt -ggdb -O0 -mlittle-endian --specs=rdimon.specs -mthumb -mcpu=cortex-m3 -mthumb-interwork -Wl,--gc-sections -lgcc -lc -lm -lrdimon Drivers/STM32F1xx_HAL_Driver/Src/stm32f1xx_hal_spi.c
arm-none-eabi-gcc -c -o stm32f1xx_hal_i2c.o -IInc/ -IDrivers/STM32F1xx_HAL_Driver/Inc/ -ISrc/vl6180x/ -IDrivers/BSP/STM32F1xx_Nucleo/ -IDrivers/CMSIS/Device/ST/STM32F1xx/Include/ -IDrivers/CMSIS/Include/ -DSTM32F103xBt -ggdb -O0 -mlittle-endian --specs=rdimon.specs -mthumb -mcpu=cortex-m3 -mthumb-interwork -Wl,--gc-sections -lgcc -lc -lm -lrdimon Drivers/STM32F1xx_HAL_Driver/Src/stm32f1xx_hal_i2c.c
arm-none-eabi-gcc -c -o stm32f1xx_hal_tim.o -IInc/ -IDrivers/STM32F1xx_HAL_Driver/Inc/ -ISrc/vl6180x/ -IDrivers/BSP/STM32F1xx_Nucleo/ -IDrivers/CMSIS/Device/ST/STM32F1xx/Include/ -IDrivers/CMSIS/Include/ -DSTM32F103xBt -ggdb -O0 -mlittle-endian --specs=rdimon.specs -mthumb -mcpu=cortex-m3 -mthumb-interwork -Wl,--gc-sections -lgcc -lc -lm -lrdimon Drivers/STM32F1xx_HAL_Driver/Src/stm32f1xx_hal_tim.c
arm-none-eabi-gcc -c -o stm32f1xx_hal_tim_ex.o -IInc/ -IDrivers/STM32F1xx_HAL_Driver/Inc/ -ISrc/vl6180x/ -IDrivers/BSP/STM32F1xx_Nucleo/ -IDrivers/CMSIS/Device/ST/STM32F1xx/Include/ -IDrivers/CMSIS/Include/ -DSTM32F103xBt -ggdb -O0 -mlittle-endian --specs=rdimon.specs -mthumb -mcpu=cortex-m3 -mthumb-interwork -Wl,--gc-sections -lgcc -lc -lm -lrdimon Drivers/STM32F1xx_HAL_Driver/Src/stm32f1xx_hal_tim_ex.c
arm-none-eabi-gcc -c -o stm32f1xx_hal_can.o -IInc/ -IDrivers/STM32F1xx_HAL_Driver/Inc/ -ISrc/vl6180x/ -IDrivers/BSP/STM32F1xx_Nucleo/ -IDrivers/CMSIS/Device/ST/STM32F1xx/Include/ -IDrivers/CMSIS/Include/ -DSTM32F103xBt -ggdb -O0 -mlittle-endian --specs=rdimon.specs -mthumb -mcpu=cortex-m3 -mthumb-interwork -Wl,--gc-sections -lgcc -lc -lm -lrdimon Drivers/STM32F1xx_HAL_Driver/Src/stm32f1xx_hal_can.c
arm-none-eabi-gcc -c -o Drivers/BSP/STM32F1xx_Nucleo/stm32f1xx_nucleo.o -IInc/ -IDrivers/STM32F1xx_HAL_Driver/Inc/ -ISrc/vl6180x/ -IDrivers/BSP/STM32F1xx_Nucleo/ -IDrivers/CMSIS/Device/ST/STM32F1xx/Include/ -IDrivers/CMSIS/Include/ -DSTM32F103xBt -ggdb -O0 -mlittle-endian --specs=rdimon.specs -mthumb -mcpu=cortex-m3 -mthumb-interwork -Wl,--gc-sections -lgcc -lc -lm -lrdimon Drivers/BSP/STM32F1xx_Nucleo/stm32f1xx_nucleo.c
arm-none-eabi-gcc -IInc/ -IDrivers/STM32F1xx_HAL_Driver/Inc/ -ISrc/vl6180x/ -IDrivers/BSP/STM32F1xx_Nucleo/ -IDrivers/CMSIS/Device/ST/STM32F1xx/Include/ -IDrivers/CMSIS/Include/ -DSTM32F103xBt -ggdb -O0 -mlittle-endian --specs=rdimon.specs -mthumb -mcpu=cortex-m3 -mthumb-interwork -Wl,--gc-sections -lgcc -lc -lm -lrdimon -Wall -Wextra -Warray-bounds -Wno-unused-parameter -TDevice/gcc.ld Src/main.c Device/startup_stm32f103xb.s Src/vl6180x/vl6180x_api.c Src/vl6180x/vl6180x_lib.c Src/vl6180x/x-nucleo-6180xa1.c Src/stm32f1xx_hal_msp.c Src/stm32f1xx_it.c Src/system_stm32f1xx.c Src/systemClock.c Src/drv_can.c Src/drv_spi.c Src/drv_uart.c Src/drv_i2c.c Src/anemo.c Src/mpu9250.c Src/tickTimer.c stm32f1xx_hal.o stm32f1xx_hal_rcc.o stm32f1xx_hal_rcc_ex.o stm32f1xx_hal_rtc.o stm32f1xx_hal_gpio.o stm32f1xx_hal_cortex.o stm32f1xx_hal_pcd.o stm32f1xx_hal_pcd_ex.o stm32f1xx_hal_uart.o stm32f1xx_hal_usart.o stm32f1xx_hal_dma.o stm32f1xx_hal_adc.o stm32f1xx_hal_adc_ex.o stm32f1xx_hal_spi.o stm32f1xx_hal_i2c.o stm32f1xx_hal_tim.o stm32f1xx_hal_tim_ex.o stm32f1xx_hal_can.o Drivers/BSP/STM32F1xx_Nucleo/stm32f1xx_nucleo.o -o template.elf
Src/vl6180x/vl6180x_api.c: In function '_DMax_Compute':
Src/vl6180x/vl6180x_api.c:2574:18: warning: comparison between signed and unsigned integer expressions [-Wsign-compare]
  if (rtnAmbRate  < rtnAmbLowLimit_KCps) {
                  ^
Src/vl6180x/vl6180x_lib.c: In function 'RangeState':
Src/vl6180x/vl6180x_lib.c:439:41: warning: comparison of unsigned expression >= 0 is always true [-Wtype-limits]
             if (g_TickCnt - TimeStarted >= ErrRangeDispTime &&  g_TickCnt - TimeStarted <  ErrRangeDispTime + DMaxDispTime ){
                                         ^
Src/vl6180x/vl6180x_lib.c:439:89: warning: comparison of unsigned expression < 0 is always false [-Wtype-limits]
             if (g_TickCnt - TimeStarted >= ErrRangeDispTime &&  g_TickCnt - TimeStarted <  ErrRangeDispTime + DMaxDispTime ){
                                                                                         ^
Src/vl6180x/vl6180x_lib.c:446:40: warning: comparison of unsigned expression < 0 is always false [-Wtype-limits]
             if(g_TickCnt - TimeStarted < ErrRangeDispTime  )
                                        ^
Src/anemo.c: In function 'anemo_ResetCount':
Src/anemo.c:47:1: warning: control reaches end of non-void function [-Wreturn-type]
 }
 ^
Src/mpu9250.c: In function 'calc_matRot':
Src/mpu9250.c:276:34: warning: variable 'R23' set but not used [-Wunused-but-set-variable]
  double R11, R12, R13, R21, R22, R23, R31, R32, R33;
                                  ^
Src/mpu9250.c:276:24: warning: variable 'R21' set but not used [-Wunused-but-set-variable]
  double R11, R12, R13, R21, R22, R23, R31, R32, R33;
                        ^
Src/mpu9250.c:276:19: warning: variable 'R13' set but not used [-Wunused-but-set-variable]
  double R11, R12, R13, R21, R22, R23, R31, R32, R33;
                   ^
Src/mpu9250.c:276:9: warning: variable 'R11' set but not used [-Wunused-but-set-variable]
  double R11, R12, R13, R21, R22, R23, R31, R32, R33;
         ^
/tmp/ccNOlL5l.o: In function `mpu9250_Step':
/home/e2017/a7capone/CRS/bus_can/WORKSPACE_RESCAPT/stm32-nucleo-f103rb_base//Src/mpu9250.c:127: undefined reference to `MadgwickAHRSupdateIMU'
/home/e2017/a7capone/CRS/bus_can/WORKSPACE_RESCAPT/stm32-nucleo-f103rb_base//Src/mpu9250.c:156: undefined reference to `q0'
/home/e2017/a7capone/CRS/bus_can/WORKSPACE_RESCAPT/stm32-nucleo-f103rb_base//Src/mpu9250.c:156: undefined reference to `q1'
/home/e2017/a7capone/CRS/bus_can/WORKSPACE_RESCAPT/stm32-nucleo-f103rb_base//Src/mpu9250.c:156: undefined reference to `q2'
/home/e2017/a7capone/CRS/bus_can/WORKSPACE_RESCAPT/stm32-nucleo-f103rb_base//Src/mpu9250.c:156: undefined reference to `q3'
collect2: error: ld returned 1 exit status
make: *** [template.elf] Erreur 1
11:32:39 **** Incremental Build of configuration Default for project stm32-nucleo-f103rb_base ****
make all 
make: ***  Aucune règle pour fabriquer la cible « MadgwickAHRS.c », nécessaire pour « template.elf ». Arrêt.
